java.nio.file.NoSuchFileException: /Users/sarath/code/scala/basics/Hello.worspace.sc
  java.base@17.0.5/sun.nio.fs.UnixFileSystemProvider.newByteChannel(UnixFileSystemProvider.java:218)
  java.base@17.0.5/java.nio.file.Files.newByteChannel(Files.java:380)
  java.base@17.0.5/java.nio.file.Files.newByteChannel(Files.java:432)
  java.base@17.0.5/java.nio.file.spi.FileSystemProvider.newInputStream(FileSystemProvider.java:422)
  java.base@17.0.5/java.nio.file.Files.newInputStream(Files.java:160)
  os.Path.getInputStream(Path.scala:493)
  os.read$bytes$.apply(ReadWriteOps.scala:256)
  os.read$.apply(ReadWriteOps.scala:216)
  os.read$.apply(ReadWriteOps.scala:214)
  scala.build.input.Inputs.$anonfun$2(Inputs.scala:102)
  scala.collection.Iterator$$anon$10.nextCur(Iterator.scala:594)
  scala.collection.Iterator$$anon$10.hasNext(Iterator.scala:608)
  scala.collection.IterableOnceOps.foreach(IterableOnce.scala:575)
  scala.collection.IterableOnceOps.foreach$(IterableOnce.scala:573)
  scala.collection.AbstractIterator.foreach(Iterator.scala:1300)
  scala.build.input.Inputs.sourceHash(Inputs.scala:109)
  scala.build.bsp.BloopSession$.apply(BloopSession.scala:63)
  scala.build.bsp.BspImpl.bloopSession0$lzyINIT1$1(BspImpl.scala:396)
  scala.build.bsp.BspImpl.bloopSession0$1(BspImpl.scala:396)
  scala.build.bsp.BspImpl.newBloopSession(BspImpl.scala:398)
  scala.build.bsp.BspImpl.run(BspImpl.scala:422)
  scala.cli.commands.bsp.Bsp$.runCommand$$anonfun$1(Bsp.scala:95)
  scala.runtime.function.JProcedure1.apply(JProcedure1.java:15)
  scala.runtime.function.JProcedure1.apply(JProcedure1.java:10)
  scala.build.bsp.BspThreads$.withThreads(BspThreads.scala:23)
  scala.cli.commands.bsp.Bsp$.runCommand(Bsp.scala:98)
  scala.cli.commands.bsp.Bsp$.runCommand(Bsp.scala:33)
  scala.cli.commands.ScalaCommand.run(ScalaCommand.scala:273)
  scala.cli.commands.ScalaCommand.run(ScalaCommand.scala:266)
  caseapp.core.app.CaseApp.main(CaseApp.scala:150)
  caseapp.core.app.CommandsEntryPoint.main(CommandsEntryPoint.scala:120)
  scala.cli.ScalaCliCommands.main(ScalaCliCommands.scala:125)
  scala.cli.ScalaCli$.main0(ScalaCli.scala:198)
  scala.cli.ScalaCli$.main(ScalaCli.scala:102)
  scala.cli.ScalaCli.main(ScalaCli.scala)
